--------------------------------------------------------------------------------
Release 14.7 Trace  (nt)
Copyright (c) 1995-2013 Xilinx, Inc.  All rights reserved.

C:\Xilinx\14.7\ISE_DS\ISE\bin\nt\unwrapped\trce.exe -intstyle ise -v 3 -s 5 -n
3 -fastpaths -xml ALU_Main.twx ALU_Main.ncd -o ALU_Main.twr ALU_Main.pcf -ucf
ALU.ucf

Design file:              ALU_Main.ncd
Physical constraint file: ALU_Main.pcf
Device,package,speed:     xc3s500e,ft256,-5 (PRODUCTION 1.27 2013-10-13)
Report level:             verbose report

Environment Variable      Effect 
--------------------      ------ 
NONE                      No environment variables were set
--------------------------------------------------------------------------------

INFO:Timing:2698 - No timing constraints found, doing default enumeration.
INFO:Timing:3412 - To improve timing, see the Timing Closure User Guide (UG612).
INFO:Timing:2752 - To get complete path coverage, use the unconstrained paths 
   option. All paths that are not constrained will be reported in the 
   unconstrained paths section(s) of the report.
INFO:Timing:3339 - The clock-to-out numbers in this timing report are based on 
   a 50 Ohm transmission line loading model.  For the details of this model, 
   and for more information on accounting for different loading conditions, 
   please see the device datasheet.
INFO:Timing:3390 - This architecture does not support a default System Jitter 
   value, please add SYSTEM_JITTER constraint to the UCF to modify the Clock 
   Uncertainty calculation.
INFO:Timing:3389 - This architecture does not support 'Discrete Jitter' and 
   'Phase Error' calculations, these terms will be zero in the Clock 
   Uncertainty calculation.  Please make appropriate modification to 
   SYSTEM_JITTER to account for the unsupported Discrete Jitter and Phase 
   Error.



Data Sheet report:
-----------------
All values displayed in nanoseconds (ns)

Pad to Pad
---------------+---------------+---------+
Source Pad     |Destination Pad|  Delay  |
---------------+---------------+---------+
_function<0>   |result<0>      |    6.984|
_function<0>   |result<1>      |   12.130|
_function<0>   |result<2>      |   12.038|
_function<0>   |result<3>      |   12.424|
_function<1>   |result<0>      |    6.764|
_function<1>   |result<1>      |   12.591|
_function<1>   |result<2>      |   12.499|
_function<1>   |result<3>      |   12.885|
_function<2>   |result<0>      |    7.585|
_function<2>   |result<1>      |   11.609|
_function<2>   |result<2>      |   11.517|
_function<2>   |result<3>      |   11.903|
a<0>           |result<0>      |    7.012|
a<0>           |result<1>      |    8.314|
a<0>           |result<2>      |    9.368|
a<0>           |result<3>      |    9.754|
a<1>           |result<1>      |    9.931|
a<1>           |result<2>      |    9.811|
a<1>           |result<3>      |    9.411|
a<2>           |result<2>      |    9.794|
a<2>           |result<3>      |    8.611|
a<3>           |result<3>      |    8.220|
b<0>           |result<0>      |    7.385|
b<0>           |result<1>      |    8.439|
b<0>           |result<2>      |    9.252|
b<0>           |result<3>      |    9.638|
b<1>           |result<1>      |    9.462|
b<1>           |result<2>      |    9.342|
b<1>           |result<3>      |    8.950|
b<2>           |result<2>      |    9.917|
b<2>           |result<3>      |    8.734|
b<3>           |result<3>      |    8.504|
---------------+---------------+---------+


Analysis completed Fri Aug 12 17:46:41 2016 
--------------------------------------------------------------------------------

Trace Settings:
-------------------------
Trace Settings 

Peak Memory Usage: 118 MB



